2023-07-02 04:03:31:331 [32minfo[39m: [32mMongoose connected[39m
2023-07-02 04:03:31:331 [37mdebug[39m: [37mServer is up and running @ http://localhost:5000[39m
2023-07-02 04:05:08:58 [32minfo[39m: [32mMongoose connected[39m
2023-07-02 04:05:08:58 [37mdebug[39m: [37mServer is up and running @ http://localhost:5000[39m
2023-07-02 04:19:30:1930 [32minfo[39m: [32mServer closed[39m
2023-07-02 04:20:11:2011 [32minfo[39m: [32mMongoose connected[39m
2023-07-02 04:20:11:2011 [37mdebug[39m: [37mServer is up and running @ http://localhost:5000[39m
2023-07-02 04:20:13:2013 [37mdebug[39m: [37mError handling middleware called.[39m
2023-07-02 04:20:13:2013 [32minfo[39m: [32mPath:[39m
2023-07-02 04:20:13:2013 [31merror[39m: [31mError occured: NotFound[39m
2023-07-02 04:20:13:2013 [32minfo[39m: [32mError is known.[39m
2023-07-02 04:20:13:2013 [35mhttp[39m: [35mGET / 404 63 - 9.140 ms[39m
[35m[39m
2023-07-02 04:20:13:2013 [37mdebug[39m: [37mError handling middleware called.[39m
2023-07-02 04:20:13:2013 [32minfo[39m: [32mPath:[39m
2023-07-02 04:20:13:2013 [31merror[39m: [31mError occured: NotFound[39m
2023-07-02 04:20:13:2013 [32minfo[39m: [32mError is known.[39m
2023-07-02 04:20:13:2013 [35mhttp[39m: [35mGET /favicon.ico 404 74 - 4.056 ms[39m
[35m[39m
2023-07-02 04:20:45:2045 [35mhttp[39m: [35mGET /api/notes 200 542 - 313.743 ms[39m
[35m[39m
2023-07-02 04:22:42:2242 [32minfo[39m: [32mMongoose connected[39m
2023-07-02 04:22:42:2242 [37mdebug[39m: [37mServer is up and running @ http://localhost:5000[39m
2023-07-02 04:24:26:2426 [32minfo[39m: [32mMongoose connected[39m
2023-07-02 04:24:26:2426 [37mdebug[39m: [37mServer is up and running @ http://localhost:5000[39m
2023-07-02 04:24:57:2457 [32minfo[39m: [32mMongoose connected[39m
2023-07-02 04:24:57:2457 [37mdebug[39m: [37mServer is up and running @ http://localhost:5000[39m
2023-07-02 04:25:18:2518 [32minfo[39m: [32mMongoose connected[39m
2023-07-02 04:25:18:2518 [37mdebug[39m: [37mServer is up and running @ http://localhost:5000[39m
2023-07-02 04:27:32:2732 [32minfo[39m: [32mMongoose connected[39m
2023-07-02 04:27:32:2732 [37mdebug[39m: [37mServer is up and running @ http://localhost:5000[39m
2023-07-02 04:27:58:2758 [32minfo[39m: [32mMongoose connected[39m
2023-07-02 04:27:58:2758 [37mdebug[39m: [37mServer is up and running @ http://localhost:5000[39m
2023-07-02 04:31:47:3147 [32minfo[39m: [32mServer closed[39m
2023-07-02 23:21:28:2128 [32minfo[39m: [32mMongoose connected[39m
2023-07-02 23:21:28:2128 [37mdebug[39m: [37mServer is up and running @ http://localhost:5000[39m
2023-07-02 23:21:48:2148 [32minfo[39m: [32mMongoose connected[39m
2023-07-02 23:21:48:2148 [37mdebug[39m: [37mServer is up and running @ http://localhost:5000[39m
2023-07-02 23:21:56:2156 [32minfo[39m: [32mMongoose connected[39m
2023-07-02 23:21:56:2156 [37mdebug[39m: [37mServer is up and running @ http://localhost:5000[39m
2023-07-02 23:24:01:241 [32minfo[39m: [32mMongoose connected[39m
2023-07-02 23:24:01:241 [37mdebug[39m: [37mServer is up and running @ http://localhost:5000[39m
2023-07-02 23:24:41:2441 [32minfo[39m: [32mMongoose connected[39m
2023-07-02 23:24:41:2441 [37mdebug[39m: [37mServer is up and running @ http://localhost:5000[39m
2023-07-02 23:25:13:2513 [37mdebug[39m: [37mError handling middleware called.[39m
2023-07-02 23:25:13:2513 [32minfo[39m: [32mPath:[39m
2023-07-02 23:25:13:2513 [31merror[39m: [31mError occured: NotFound[39m
2023-07-02 23:25:13:2513 [32minfo[39m: [32mError is known.[39m
2023-07-02 23:25:13:2513 [35mhttp[39m: [35mGET /api/products/samsung 404 83 - 7.638 ms[39m
[35m[39m
2023-07-02 23:25:35:2535 [37mdebug[39m: [37mError handling middleware called.[39m
2023-07-02 23:25:35:2535 [32minfo[39m: [32mPath:[39m
2023-07-02 23:25:35:2535 [31merror[39m: [31mError occured: NotFound[39m
2023-07-02 23:25:35:2535 [32minfo[39m: [32mError is known.[39m
2023-07-02 23:25:35:2535 [35mhttp[39m: [35mGET /api/product/samsung 404 71 - 290.971 ms[39m
[35m[39m
2023-07-02 23:26:15:2615 [32minfo[39m: [32mMongoose connected[39m
2023-07-02 23:26:15:2615 [37mdebug[39m: [37mServer is up and running @ http://localhost:5000[39m
2023-07-02 23:26:27:2627 [37mdebug[39m: [37mError handling middleware called.[39m
2023-07-02 23:26:27:2627 [32minfo[39m: [32mPath:[39m
2023-07-02 23:26:27:2627 [31merror[39m: [31mError occured: The field name '$sum' cannot be an operator name[39m
2023-07-02 23:26:27:2627 [35mhttp[39m: [35mGET /api/product/mobile-GSTzqRtTP 500 35 - 905.328 ms[39m
[35m[39m
2023-07-02 23:37:58:3758 [32minfo[39m: [32mMongoose connected[39m
2023-07-02 23:37:58:3758 [37mdebug[39m: [37mServer is up and running @ http://localhost:5000[39m
2023-07-02 23:38:04:384 [35mhttp[39m: [35mGET /api/product/mobile-GSTzqRtTP 200 919 - 856.492 ms[39m
[35m[39m
2023-07-02 23:40:46:4046 [35mhttp[39m: [35mGET /api/product/samsung-4a88ikbE2 200 26355 - 1139.419 ms[39m
[35m[39m
2023-07-02 23:43:51:4351 [32minfo[39m: [32mMongoose connected[39m
2023-07-02 23:43:51:4351 [37mdebug[39m: [37mServer is up and running @ http://localhost:5000[39m
2023-07-02 23:44:23:4423 [32minfo[39m: [32mMongoose connected[39m
2023-07-02 23:44:23:4423 [37mdebug[39m: [37mServer is up and running @ http://localhost:5000[39m
2023-07-02 23:46:30:4630 [32minfo[39m: [32mMongoose connected[39m
2023-07-02 23:46:30:4630 [37mdebug[39m: [37mServer is up and running @ http://localhost:5000[39m
2023-07-02 23:48:08:488 [32minfo[39m: [32mMongoose connected[39m
2023-07-02 23:48:08:488 [37mdebug[39m: [37mServer is up and running @ http://localhost:5000[39m
2023-07-02 23:48:20:4820 [37mdebug[39m: [37mError handling middleware called.[39m
2023-07-02 23:48:20:4820 [32minfo[39m: [32mPath:[39m
2023-07-02 23:48:20:4820 [31merror[39m: [31mError occured: NotFound[39m
2023-07-02 23:48:20:4820 [32minfo[39m: [32mError is known.[39m
2023-07-02 23:48:20:4820 [35mhttp[39m: [35mGET /api/product/63cc236a153f08cd17d2aec5 404 89 - 300.615 ms[39m
[35m[39m
2023-07-02 23:49:35:4935 [32minfo[39m: [32mMongoose connected[39m
2023-07-02 23:49:35:4935 [37mdebug[39m: [37mServer is up and running @ http://localhost:5000[39m
2023-07-02 23:49:40:4940 [35mhttp[39m: [35mGET /api/product/slug/samsung-4a88ikbE2 200 26355 - 1184.473 ms[39m
[35m[39m
2023-07-02 23:49:46:4946 [35mhttp[39m: [35mGET /api/product/63cc236a153f08cd17d2aec5 200 609 - 291.939 ms[39m
[35m[39m
2023-07-02 23:54:21:5421 [32minfo[39m: [32mMongoose connected[39m
2023-07-02 23:54:21:5421 [37mdebug[39m: [37mServer is up and running @ http://localhost:5000[39m
2023-07-02 23:58:37:5837 [32minfo[39m: [32mMongoose connected[39m
2023-07-02 23:58:37:5837 [37mdebug[39m: [37mServer is up and running @ http://localhost:5000[39m
2023-07-02 23:59:37:5937 [32minfo[39m: [32mMongoose connected[39m
2023-07-02 23:59:37:5937 [37mdebug[39m: [37mServer is up and running @ http://localhost:5000[39m
2023-07-03 00:01:37:137 [32minfo[39m: [32mMongoose connected[39m
2023-07-03 00:01:37:137 [37mdebug[39m: [37mServer is up and running @ http://localhost:5000[39m
2023-07-03 00:47:24:4724 [32minfo[39m: [32mMongoose connected[39m
2023-07-03 00:47:24:4724 [37mdebug[39m: [37mServer is up and running @ http://localhost:5000[39m
2023-07-03 00:49:26:4926 [37mdebug[39m: [37mError handling middleware called.[39m
2023-07-03 00:49:26:4926 [32minfo[39m: [32mPath:[39m
2023-07-03 00:49:26:4926 [31merror[39m: [31mError occured: Cast to ObjectId failed for value "create" (type string) at path "_id" for model "Product"[39m
2023-07-03 00:49:26:4926 [35mhttp[39m: [35mGET /api/product/create?picture= 400 46 - 13.442 ms[39m
[35m[39m
2023-07-03 00:49:48:4948 [35mhttp[39m: [35mPOST /api/product/create?picture= 201 304232 - 15.470 ms[39m
[35m[39m
2023-07-03 00:54:13:5413 [32minfo[39m: [32mMongoose connected[39m
2023-07-03 00:54:14:5414 [37mdebug[39m: [37mServer is up and running @ http://localhost:5000[39m
2023-07-03 00:54:24:5424 [35mhttp[39m: [35mPOST /api/product/create?picture= 201 956121 - 31.963 ms[39m
[35m[39m
2023-07-03 00:55:32:5532 [32minfo[39m: [32mMongoose connected[39m
2023-07-03 00:55:32:5532 [37mdebug[39m: [37mServer is up and running @ http://localhost:5000[39m
2023-07-03 00:59:53:5953 [32minfo[39m: [32mMongoose connected[39m
2023-07-03 00:59:53:5953 [37mdebug[39m: [37mServer is up and running @ http://localhost:5000[39m
2023-07-03 01:02:43:243 [32minfo[39m: [32mMongoose connected[39m
2023-07-03 01:02:43:243 [37mdebug[39m: [37mServer is up and running @ http://localhost:5000[39m
2023-07-03 01:03:47:347 [32minfo[39m: [32mMongoose connected[39m
2023-07-03 01:03:47:347 [37mdebug[39m: [37mServer is up and running @ http://localhost:5000[39m
2023-07-03 01:10:06:106 [32minfo[39m: [32mMongoose connected[39m
2023-07-03 01:10:06:106 [37mdebug[39m: [37mServer is up and running @ http://localhost:5000[39m
2023-07-03 01:10:17:1017 [37mdebug[39m: [37mError handling middleware called.[39m
2023-07-03 01:10:17:1017 [32minfo[39m: [32mPath:[39m
2023-07-03 01:10:17:1017 [31merror[39m: [31mError occured: ENOENT: no such file or directory, open 'D:\tarek\Programs\WebStromeProject\test\simple-ecommerce-server-v2\uploads\48e54617b2b490234abb535955713518'[39m
2023-07-03 01:10:17:1017 [35mhttp[39m: [35mPOST /api/product/create?picture= 500 35 - 8.495 ms[39m
[35m[39m
2023-07-03 01:10:30:1030 [37mdebug[39m: [37mError handling middleware called.[39m
2023-07-03 01:10:30:1030 [32minfo[39m: [32mPath:[39m
2023-07-03 01:10:30:1030 [31merror[39m: [31mError occured: ENOENT: no such file or directory, open 'D:\tarek\Programs\WebStromeProject\test\simple-ecommerce-server-v2\uploads\672392091ab3270864892b7cad9ef23f'[39m
2023-07-03 01:10:30:1030 [35mhttp[39m: [35mPOST /api/product/create?picture= 500 35 - 3.591 ms[39m
[35m[39m
2023-07-03 01:11:09:119 [35mhttp[39m: [35mPOST /api/product/create?picture= 201 453 - 7.132 ms[39m
[35m[39m
2023-07-03 01:21:49:2149 [32minfo[39m: [32mMongoose connected[39m
2023-07-03 01:21:49:2149 [37mdebug[39m: [37mServer is up and running @ http://localhost:5000[39m
2023-07-03 01:21:54:2154 [35mhttp[39m: [35mPOST /api/product/create?picture= 201 453 - 13.184 ms[39m
[35m[39m
2023-07-03 01:27:25:2725 [32minfo[39m: [32mMongoose connected[39m
2023-07-03 01:27:25:2725 [37mdebug[39m: [37mServer is up and running @ http://localhost:5000[39m
2023-07-03 01:27:27:2727 [35mhttp[39m: [35mPOST /api/product/create?picture= 201 453 - 12.056 ms[39m
[35m[39m
2023-07-03 01:27:54:2754 [32minfo[39m: [32mMongoose connected[39m
2023-07-03 01:27:54:2754 [37mdebug[39m: [37mServer is up and running @ http://localhost:5000[39m
2023-07-03 01:27:56:2756 [35mhttp[39m: [35mPOST /api/product/create?picture= 201 453 - 9.789 ms[39m
[35m[39m
2023-07-03 01:29:31:2931 [32minfo[39m: [32mMongoose connected[39m
2023-07-03 01:29:31:2931 [37mdebug[39m: [37mServer is up and running @ http://localhost:5000[39m
2023-07-03 01:29:33:2933 [35mhttp[39m: [35mPOST /api/product/create?picture= 201 453 - 17.263 ms[39m
[35m[39m
2023-07-03 01:34:45:3445 [32minfo[39m: [32mMongoose connected[39m
2023-07-03 01:34:45:3445 [37mdebug[39m: [37mServer is up and running @ http://localhost:5000[39m
2023-07-03 01:34:47:3447 [35mhttp[39m: [35mPOST /api/product/create?picture= 201 453 - 17.858 ms[39m
[35m[39m
2023-07-03 01:35:19:3519 [32minfo[39m: [32mMongoose connected[39m
2023-07-03 01:35:19:3519 [37mdebug[39m: [37mServer is up and running @ http://localhost:5000[39m
2023-07-03 01:35:20:3520 [35mhttp[39m: [35mPOST /api/product/create?picture= 201 453 - 18.207 ms[39m
[35m[39m
2023-07-03 01:36:50:3650 [32minfo[39m: [32mMongoose connected[39m
2023-07-03 01:36:50:3650 [37mdebug[39m: [37mServer is up and running @ http://localhost:5000[39m
2023-07-03 01:36:54:3654 [35mhttp[39m: [35mPOST /api/product/create?picture= 201 2 - 16.846 ms[39m
[35m[39m
2023-07-03 01:38:40:3840 [32minfo[39m: [32mMongoose connected[39m
2023-07-03 01:38:40:3840 [37mdebug[39m: [37mServer is up and running @ http://localhost:5000[39m
2023-07-03 01:38:46:3846 [35mhttp[39m: [35mPOST /api/product/create?picture= 201 2 - 17.685 ms[39m
[35m[39m
2023-07-03 01:40:39:4039 [32minfo[39m: [32mMongoose connected[39m
2023-07-03 01:40:39:4039 [37mdebug[39m: [37mServer is up and running @ http://localhost:5000[39m
2023-07-03 01:41:06:416 [35mhttp[39m: [35mPOST /api/product/create?picture= 201 2 - 18.048 ms[39m
[35m[39m
2023-07-03 01:42:22:4222 [32minfo[39m: [32mMongoose connected[39m
2023-07-03 01:42:22:4222 [37mdebug[39m: [37mServer is up and running @ http://localhost:5000[39m
2023-07-03 01:42:23:4223 [35mhttp[39m: [35mPOST /api/product/create?picture= 201 2 - 18.430 ms[39m
[35m[39m
2023-07-03 01:47:09:479 [32minfo[39m: [32mMongoose connected[39m
2023-07-03 01:47:09:479 [37mdebug[39m: [37mServer is up and running @ http://localhost:5000[39m
2023-07-03 01:47:15:4715 [35mhttp[39m: [35mPOST /api/product/create?picture= 201 2 - 9.824 ms[39m
[35m[39m
2023-07-03 01:48:32:4832 [32minfo[39m: [32mMongoose connected[39m
2023-07-03 01:48:32:4832 [37mdebug[39m: [37mServer is up and running @ http://localhost:5000[39m
2023-07-03 01:48:43:4843 [35mhttp[39m: [35mPOST /api/product/create?picture= 201 301 - 3873.173 ms[39m
[35m[39m
2023-07-03 01:49:21:4921 [32minfo[39m: [32mMongoose connected[39m
2023-07-03 01:49:21:4921 [37mdebug[39m: [37mServer is up and running @ http://localhost:5000[39m
2023-07-03 01:49:33:4933 [32minfo[39m: [32mMongoose connected[39m
2023-07-03 01:49:33:4933 [37mdebug[39m: [37mServer is up and running @ http://localhost:5000[39m
2023-07-03 01:53:34:5334 [32minfo[39m: [32mMongoose connected[39m
2023-07-03 01:53:34:5334 [37mdebug[39m: [37mServer is up and running @ http://localhost:5000[39m
2023-07-03 01:53:43:5343 [32minfo[39m: [32mMongoose connected[39m
2023-07-03 01:53:43:5343 [37mdebug[39m: [37mServer is up and running @ http://localhost:5000[39m
2023-07-03 01:53:50:5350 [35mhttp[39m: [35mPOST /api/product/create?picture= 201 301 - 4124.421 ms[39m
[35m[39m
2023-07-03 01:54:22:5422 [32minfo[39m: [32mMongoose connected[39m
2023-07-03 01:54:22:5422 [37mdebug[39m: [37mServer is up and running @ http://localhost:5000[39m
2023-07-03 01:56:11:5611 [32minfo[39m: [32mServer closed[39m
2023-07-03 22:11:25:1125 [32minfo[39m: [32mMongoose connected[39m
2023-07-03 22:11:25:1125 [37mdebug[39m: [37mServer is up and running @ http://localhost:5000[39m
2023-07-03 22:12:10:1210 [37mdebug[39m: [37mError handling middleware called.[39m
2023-07-03 22:12:10:1210 [32minfo[39m: [32mPath:[39m
2023-07-03 22:12:10:1210 [31merror[39m: [31mError occured: AsyncError[39m
2023-07-03 22:12:10:1210 [32minfo[39m: [32mError is known.[39m
2023-07-03 22:12:10:1210 [35mhttp[39m: [35mPOST /api/product/create?picture= 400 70 - 36.956 ms[39m
[35m[39m
2023-07-03 22:12:23:1223 [37mdebug[39m: [37mError handling middleware called.[39m
2023-07-03 22:12:23:1223 [32minfo[39m: [32mPath:[39m
2023-07-03 22:12:23:1223 [31merror[39m: [31mError occured: AsyncError[39m
2023-07-03 22:12:23:1223 [32minfo[39m: [32mError is known.[39m
2023-07-03 22:12:23:1223 [35mhttp[39m: [35mPOST /api/product/create?picture= 400 70 - 7.524 ms[39m
[35m[39m
2023-07-03 22:12:30:1230 [35mhttp[39m: [35mGET /api/product/63cc236a153f08cd17d2aec5 200 609 - 317.900 ms[39m
[35m[39m
2023-07-03 22:13:11:1311 [32minfo[39m: [32mMongoose connected[39m
2023-07-03 22:13:11:1311 [37mdebug[39m: [37mServer is up and running @ http://localhost:5000[39m
2023-07-03 22:13:27:1327 [37mdebug[39m: [37mError handling middleware called.[39m
2023-07-03 22:13:27:1327 [32minfo[39m: [32mPath:[39m
2023-07-03 22:13:27:1327 [31merror[39m: [31mError occured: AsyncError[39m
2023-07-03 22:13:27:1327 [32minfo[39m: [32mError is known.[39m
2023-07-03 22:13:27:1327 [35mhttp[39m: [35mPOST /api/product/create?picture= 400 70 - 17.035 ms[39m
[35m[39m
2023-07-03 22:13:46:1346 [32minfo[39m: [32mMongoose connected[39m
2023-07-03 22:13:46:1346 [37mdebug[39m: [37mServer is up and running @ http://localhost:5000[39m
2023-07-03 22:13:47:1347 [37mdebug[39m: [37mError handling middleware called.[39m
2023-07-03 22:13:47:1347 [32minfo[39m: [32mPath:[39m
2023-07-03 22:13:47:1347 [31merror[39m: [31mError occured: AsyncError[39m
2023-07-03 22:13:47:1347 [32minfo[39m: [32mError is known.[39m
2023-07-03 22:13:47:1347 [35mhttp[39m: [35mPOST /api/product/create?picture= 400 70 - 21.084 ms[39m
[35m[39m
2023-07-03 22:16:08:168 [32minfo[39m: [32mMongoose connected[39m
2023-07-03 22:16:08:168 [37mdebug[39m: [37mServer is up and running @ http://localhost:5000[39m
2023-07-03 22:16:16:1616 [35mhttp[39m: [35mPOST /api/product/create?picture= 201 2 - 6117.278 ms[39m
[35m[39m
2023-07-03 22:16:55:1655 [32minfo[39m: [32mMongoose connected[39m
2023-07-03 22:16:55:1655 [37mdebug[39m: [37mServer is up and running @ http://localhost:5000[39m
2023-07-03 22:17:08:178 [35mhttp[39m: [35mPOST /api/product/create?picture= 201 301 - 5138.574 ms[39m
[35m[39m
2023-07-03 22:26:49:2649 [32minfo[39m: [32mMongoose connected[39m
2023-07-03 22:26:49:2649 [37mdebug[39m: [37mServer is up and running @ http://localhost:5000[39m
2023-07-03 22:28:45:2845 [32minfo[39m: [32mMongoose connected[39m
2023-07-03 22:28:45:2845 [37mdebug[39m: [37mServer is up and running @ http://localhost:5000[39m
2023-07-04 01:07:12:712 [32minfo[39m: [32mMongoose connected[39m
2023-07-04 01:07:12:712 [37mdebug[39m: [37mServer is up and running @ http://localhost:5000[39m
2023-07-04 01:07:44:744 [37mdebug[39m: [37mError handling middleware called.[39m
2023-07-04 01:07:44:744 [32minfo[39m: [32mPath:[39m
2023-07-04 01:07:44:744 [31merror[39m: [31mError occured: option expires is invalid[39m
2023-07-04 01:07:44:744 [35mhttp[39m: [35mPOST /api/user/login 500 35 - 384.548 ms[39m
[35m[39m
2023-07-04 01:09:39:939 [32minfo[39m: [32mMongoose connected[39m
2023-07-04 01:09:39:939 [37mdebug[39m: [37mServer is up and running @ http://localhost:5000[39m
2023-07-04 01:09:43:943 [37mdebug[39m: [37mError handling middleware called.[39m
2023-07-04 01:09:43:943 [32minfo[39m: [32mPath:[39m
2023-07-04 01:09:43:943 [31merror[39m: [31mError occured: option expires is invalid[39m
2023-07-04 01:09:43:943 [35mhttp[39m: [35mPOST /api/user/login 500 14 - 382.932 ms[39m
[35m[39m
2023-07-04 01:09:47:947 [37mdebug[39m: [37mError handling middleware called.[39m
2023-07-04 01:09:47:947 [32minfo[39m: [32mPath:[39m
2023-07-04 01:09:47:947 [31merror[39m: [31mError occured: option expires is invalid[39m
2023-07-04 01:09:47:947 [35mhttp[39m: [35mPOST /api/user/login 500 14 - 354.115 ms[39m
[35m[39m
2023-07-04 01:10:04:104 [32minfo[39m: [32mMongoose connected[39m
2023-07-04 01:10:04:104 [37mdebug[39m: [37mServer is up and running @ http://localhost:5000[39m
2023-07-04 01:10:07:107 [37mdebug[39m: [37mError handling middleware called.[39m
2023-07-04 01:10:07:107 [32minfo[39m: [32mPath:[39m
2023-07-04 01:10:07:107 [31merror[39m: [31mError occured: option expires is invalid[39m
2023-07-04 01:10:07:107 [35mhttp[39m: [35mPOST /api/user/login 500 14 - 378.668 ms[39m
[35m[39m
2023-07-04 01:11:19:1119 [32minfo[39m: [32mMongoose connected[39m
2023-07-04 01:11:19:1119 [37mdebug[39m: [37mServer is up and running @ http://localhost:5000[39m
2023-07-04 01:11:36:1136 [32minfo[39m: [32mMongoose connected[39m
2023-07-04 01:11:36:1136 [37mdebug[39m: [37mServer is up and running @ http://localhost:5000[39m
2023-07-04 01:11:39:1139 [37mdebug[39m: [37mError handling middleware called.[39m
2023-07-04 01:11:39:1139 [32minfo[39m: [32mPath:[39m
2023-07-04 01:11:39:1139 [31merror[39m: [31mError occured: option expires is invalid[39m
2023-07-04 01:11:39:1139 [35mhttp[39m: [35mPOST /api/user/login 500 1915 - 372.579 ms[39m
[35m[39m
2023-07-04 01:12:04:124 [32minfo[39m: [32mMongoose connected[39m
2023-07-04 01:12:04:124 [37mdebug[39m: [37mServer is up and running @ http://localhost:5000[39m
2023-07-04 01:12:08:128 [37mdebug[39m: [37mError handling middleware called.[39m
2023-07-04 01:12:08:128 [32minfo[39m: [32mPath:[39m
2023-07-04 01:12:08:128 [31merror[39m: [31mError occured: option expires is invalid[39m
2023-07-04 01:12:08:128 [31merror[39m: [31moption expires is invalid[39m
2023-07-04 01:12:08:128 [35mhttp[39m: [35mPOST /api/user/login 500 87 - 384.635 ms[39m
[35m[39m
2023-07-04 01:12:30:1230 [32minfo[39m: [32mMongoose connected[39m
2023-07-04 01:12:30:1230 [37mdebug[39m: [37mServer is up and running @ http://localhost:5000[39m
2023-07-04 01:12:36:1236 [37mdebug[39m: [37mError handling middleware called.[39m
2023-07-04 01:12:36:1236 [32minfo[39m: [32mPath:[39m
2023-07-04 01:12:36:1236 [31merror[39m: [31mError occured: option expires is invalid[39m
2023-07-04 01:12:36:1236 [31merror[39m: [31moption expires is invalid[39m
2023-07-04 01:12:36:1236 [35mhttp[39m: [35mPOST /api/user/login 500 88 - 383.655 ms[39m
[35m[39m
2023-07-04 01:15:21:1521 [32minfo[39m: [32mMongoose connected[39m
2023-07-04 01:15:21:1521 [37mdebug[39m: [37mServer is up and running @ http://localhost:5000[39m
2023-07-04 01:15:23:1523 [35mhttp[39m: [35mPOST /api/user/login 200 370 - 377.818 ms[39m
[35m[39m
2023-07-04 01:16:06:166 [32minfo[39m: [32mMongoose connected[39m
2023-07-04 01:16:06:166 [37mdebug[39m: [37mServer is up and running @ http://localhost:5000[39m
2023-07-04 01:16:09:169 [35mhttp[39m: [35mPOST /api/user/login 200 370 - 416.568 ms[39m
[35m[39m
2023-07-04 01:17:15:1715 [32minfo[39m: [32mMongoose connected[39m
2023-07-04 01:17:15:1715 [37mdebug[39m: [37mServer is up and running @ http://localhost:5000[39m
2023-07-04 01:17:21:1721 [37mdebug[39m: [37mError handling middleware called.[39m
2023-07-04 01:17:21:1721 [32minfo[39m: [32mPath:[39m
2023-07-04 01:17:21:1721 [31merror[39m: [31mError occured: NotFound[39m
2023-07-04 01:17:21:1721 [32minfo[39m: [32mError is known.[39m
2023-07-04 01:17:21:1721 [35mhttp[39m: [35mGET /api/user/logout 404 78 - 6.118 ms[39m
[35m[39m
2023-07-04 01:17:38:1738 [35mhttp[39m: [35mPOST /api/user/logout 200 39 - 1.255 ms[39m
[35m[39m
2023-07-04 01:19:18:1918 [32minfo[39m: [32mServer closed[39m
2023-07-05 01:04:11:411 [32minfo[39m: [32mMongoose connected[39m
2023-07-05 01:04:11:411 [37mdebug[39m: [37mServer is up and running @ http://localhost:5000[39m
2023-07-05 01:04:27:427 [32minfo[39m: [32mMongoose connected[39m
2023-07-05 01:04:27:427 [37mdebug[39m: [37mServer is up and running @ http://localhost:5000[39m
2023-07-05 01:05:29:529 [35mhttp[39m: [35mPOST /api/user/signin 200 47 - 394.919 ms[39m
[35m[39m
2023-07-05 01:05:37:537 [37mdebug[39m: [37mError handling middleware called.[39m
2023-07-05 01:05:37:537 [32minfo[39m: [32mPath:[39m
2023-07-05 01:05:37:537 [31merror[39m: [31mError occured: NotFound[39m
2023-07-05 01:05:37:537 [32minfo[39m: [32mError is known.[39m
2023-07-05 01:05:37:537 [35mhttp[39m: [35mPOST /api/user/signin 404 66 - 289.428 ms[39m
[35m[39m
2023-07-05 01:13:20:1320 [32minfo[39m: [32mMongoose connected[39m
2023-07-05 01:13:20:1320 [37mdebug[39m: [37mServer is up and running @ http://localhost:5000[39m
2023-07-05 01:16:00:160 [32minfo[39m: [32mMongoose connected[39m
2023-07-05 01:16:00:160 [37mdebug[39m: [37mServer is up and running @ http://localhost:5000[39m
2023-07-05 01:16:06:166 [35mhttp[39m: [35mPOST /api/user/signin 200 141 - 2813.320 ms[39m
[35m[39m
2023-07-05 01:21:36:2136 [32minfo[39m: [32mMongoose connected[39m
2023-07-05 01:21:36:2136 [37mdebug[39m: [37mServer is up and running @ http://localhost:5000[39m
2023-07-05 01:23:19:2319 [35mhttp[39m: [35mPOST /api/user/signin 200 554 - 2721.468 ms[39m
[35m[39m
2023-07-05 01:27:01:271 [32minfo[39m: [32mMongoose connected[39m
2023-07-05 01:27:01:271 [37mdebug[39m: [37mServer is up and running @ http://localhost:5000[39m
2023-07-05 01:29:08:298 [32minfo[39m: [32mMongoose connected[39m
2023-07-05 01:29:08:298 [37mdebug[39m: [37mServer is up and running @ http://localhost:5000[39m
2023-07-05 01:29:09:299 [32minfo[39m: [32mServer closed[39m
2023-07-05 22:52:20:5220 [32minfo[39m: [32mMongoose connected[39m
2023-07-05 22:52:20:5220 [37mdebug[39m: [37mServer is up and running @ http://localhost:5000[39m
2023-07-05 22:53:28:5328 [37mdebug[39m: [37mError handling middleware called.[39m
2023-07-05 22:53:28:5328 [32minfo[39m: [32mPath:[39m
2023-07-05 22:53:28:5328 [31merror[39m: [31mError occured: No authorization token was found[39m
2023-07-05 22:53:28:5328 [35mhttp[39m: [35mPOST /api/product/create?picture= 500 138 - 8.099 ms[39m
[35m[39m
2023-07-05 22:56:15:5615 [32minfo[39m: [32mMongoose connected[39m
2023-07-05 22:56:15:5615 [37mdebug[39m: [37mServer is up and running @ http://localhost:5000[39m
2023-07-05 22:58:45:5845 [32minfo[39m: [32mMongoose connected[39m
2023-07-05 22:58:45:5845 [37mdebug[39m: [37mServer is up and running @ http://localhost:5000[39m
2023-07-05 22:59:04:594 [32minfo[39m: [32mMongoose connected[39m
2023-07-05 22:59:04:594 [37mdebug[39m: [37mServer is up and running @ http://localhost:5000[39m
2023-07-05 22:59:08:598 [37mdebug[39m: [37mError handling middleware called.[39m
2023-07-05 22:59:08:598 [32minfo[39m: [32mPath:[39m
2023-07-05 22:59:08:598 [31merror[39m: [31mError occured: No authorization token was found[39m
2023-07-05 22:59:08:598 [35mhttp[39m: [35mPOST /api/product/create?picture= 500 138 - 10.566 ms[39m
[35m[39m
2023-07-05 22:59:31:5931 [32minfo[39m: [32mMongoose connected[39m
2023-07-05 22:59:31:5931 [37mdebug[39m: [37mServer is up and running @ http://localhost:5000[39m
2023-07-05 23:00:09:09 [32minfo[39m: [32mMongoose connected[39m
2023-07-05 23:00:09:09 [37mdebug[39m: [37mServer is up and running @ http://localhost:5000[39m
2023-07-05 23:00:11:011 [37mdebug[39m: [37mError handling middleware called.[39m
2023-07-05 23:00:11:011 [32minfo[39m: [32mPath:[39m
2023-07-05 23:00:11:011 [31merror[39m: [31mError occured: No authorization token was found[39m
2023-07-05 23:00:11:011 [35mhttp[39m: [35mPOST /api/product/create?picture= 401 46 - 10.929 ms[39m
[35m[39m
2023-07-05 23:00:33:033 [32minfo[39m: [32mMongoose connected[39m
2023-07-05 23:00:33:033 [37mdebug[39m: [37mServer is up and running @ http://localhost:5000[39m
2023-07-05 23:00:54:054 [32minfo[39m: [32mMongoose connected[39m
2023-07-05 23:00:54:054 [37mdebug[39m: [37mServer is up and running @ http://localhost:5000[39m
2023-07-05 23:01:11:111 [37mdebug[39m: [37mError handling middleware called.[39m
2023-07-05 23:01:11:111 [32minfo[39m: [32mPath:[39m
2023-07-05 23:01:11:111 [31merror[39m: [31mError occured: No authorization token was found[39m
2023-07-05 23:01:11:111 [35mhttp[39m: [35mPOST /api/user/login 401 59 - 19.904 ms[39m
[35m[39m
2023-07-05 23:02:17:217 [32minfo[39m: [32mMongoose connected[39m
2023-07-05 23:02:17:217 [37mdebug[39m: [37mServer is up and running @ http://localhost:5000[39m
2023-07-05 23:02:20:220 [37mdebug[39m: [37mError handling middleware called.[39m
2023-07-05 23:02:20:220 [32minfo[39m: [32mPath:[39m
2023-07-05 23:02:20:220 [31merror[39m: [31mError occured: No authorization token was found[39m
2023-07-05 23:02:20:220 [35mhttp[39m: [35mPOST /api/user/login 401 59 - 12.988 ms[39m
[35m[39m
2023-07-05 23:03:09:39 [32minfo[39m: [32mMongoose connected[39m
2023-07-05 23:03:09:39 [37mdebug[39m: [37mServer is up and running @ http://localhost:5000[39m
2023-07-05 23:03:12:312 [35mhttp[39m: [35mPOST /api/user/login 200 370 - 458.927 ms[39m
[35m[39m
2023-07-05 23:03:25:325 [37mdebug[39m: [37mError handling middleware called.[39m
2023-07-05 23:03:25:325 [32minfo[39m: [32mPath:[39m
2023-07-05 23:03:25:325 [31merror[39m: [31mError occured: Format is Authorization: Bearer [token][39m
2023-07-05 23:03:25:325 [35mhttp[39m: [35mPOST /api/product/create?picture= 401 59 - 4.393 ms[39m
[35m[39m
2023-07-05 23:03:31:331 [37mdebug[39m: [37mError handling middleware called.[39m
2023-07-05 23:03:31:331 [32minfo[39m: [32mPath:[39m
2023-07-05 23:03:31:331 [31merror[39m: [31mError occured: The token has been revoked.[39m
2023-07-05 23:03:31:331 [35mhttp[39m: [35mPOST /api/product/create?picture= 401 59 - 4.096 ms[39m
[35m[39m
2023-07-05 23:04:13:413 [37mdebug[39m: [37mError handling middleware called.[39m
2023-07-05 23:04:13:413 [32minfo[39m: [32mPath:[39m
2023-07-05 23:04:13:413 [31merror[39m: [31mError occured: The token has been revoked.[39m
2023-07-05 23:04:13:413 [35mhttp[39m: [35mPOST /api/product/create?picture= 401 59 - 1.961 ms[39m
[35m[39m
2023-07-05 23:13:32:1332 [37mdebug[39m: [37mError handling middleware called.[39m
2023-07-05 23:13:32:1332 [32minfo[39m: [32mPath:[39m
2023-07-05 23:13:32:1332 [31merror[39m: [31mError occured: The token has been revoked.[39m
2023-07-05 23:13:32:1332 [35mhttp[39m: [35mGET /api/product/samsung 401 59 - 1.966 ms[39m
[35m[39m
2023-07-05 23:14:08:148 [32minfo[39m: [32mMongoose connected[39m
2023-07-05 23:14:08:148 [37mdebug[39m: [37mServer is up and running @ http://localhost:5000[39m
2023-07-05 23:14:11:1411 [37mdebug[39m: [37mError handling middleware called.[39m
2023-07-05 23:14:11:1411 [32minfo[39m: [32mPath:[39m
2023-07-05 23:14:11:1411 [31merror[39m: [31mError occured: The token has been revoked.[39m
2023-07-05 23:14:11:1411 [35mhttp[39m: [35mGET /api/product/samsung 401 59 - 9.044 ms[39m
[35m[39m
2023-07-05 23:15:27:1527 [35mhttp[39m: [35mPOST /api/user/login 200 348 - 371.881 ms[39m
[35m[39m
2023-07-05 23:15:40:1540 [37mdebug[39m: [37mError handling middleware called.[39m
2023-07-05 23:15:40:1540 [32minfo[39m: [32mPath:[39m
2023-07-05 23:15:40:1540 [31merror[39m: [31mError occured: Cast to ObjectId failed for value "samsung" (type string) at path "_id" for model "Product"[39m
2023-07-05 23:15:40:1540 [35mhttp[39m: [35mGET /api/product/samsung 400 59 - 7.657 ms[39m
[35m[39m
2023-07-05 23:16:02:162 [35mhttp[39m: [35mGET /api/product/slug/samsung-4a88ikbE2 200 26355 - 1149.965 ms[39m
[35m[39m
2023-07-05 23:16:08:168 [37mdebug[39m: [37mError handling middleware called.[39m
2023-07-05 23:16:08:168 [32minfo[39m: [32mPath:[39m
2023-07-05 23:16:08:168 [31merror[39m: [31mError occured: No authorization token was found[39m
2023-07-05 23:16:08:168 [35mhttp[39m: [35mGET /api/product/slug/samsung-4a88ikbE2 401 59 - 1.926 ms[39m
[35m[39m
2023-07-05 23:17:42:1742 [32minfo[39m: [32mMongoose connected[39m
2023-07-05 23:17:42:1742 [37mdebug[39m: [37mServer is up and running @ http://localhost:5000[39m
2023-07-05 23:19:13:1913 [32minfo[39m: [32mMongoose connected[39m
2023-07-05 23:19:13:1913 [37mdebug[39m: [37mServer is up and running @ http://localhost:5000[39m
2023-07-05 23:21:08:218 [32minfo[39m: [32mMongoose connected[39m
2023-07-05 23:21:08:218 [37mdebug[39m: [37mServer is up and running @ http://localhost:5000[39m
2023-07-05 23:22:18:2218 [32minfo[39m: [32mMongoose connected[39m
2023-07-05 23:22:18:2218 [37mdebug[39m: [37mServer is up and running @ http://localhost:5000[39m
2023-07-05 23:22:40:2240 [32minfo[39m: [32mMongoose connected[39m
2023-07-05 23:22:40:2240 [37mdebug[39m: [37mServer is up and running @ http://localhost:5000[39m
2023-07-05 23:24:32:2432 [32minfo[39m: [32mMongoose connected[39m
2023-07-05 23:24:32:2432 [37mdebug[39m: [37mServer is up and running @ http://localhost:5000[39m
2023-07-05 23:25:47:2547 [32minfo[39m: [32mMongoose connected[39m
2023-07-05 23:25:47:2547 [37mdebug[39m: [37mServer is up and running @ http://localhost:5000[39m
2023-07-05 23:26:03:263 [37mdebug[39m: [37mError handling middleware called.[39m
2023-07-05 23:26:03:263 [32minfo[39m: [32mPath:[39m
2023-07-05 23:26:03:263 [31merror[39m: [31mError occured: The token has been revoked.[39m
2023-07-05 23:26:03:263 [35mhttp[39m: [35mPOST /api/product/create?picture= 401 48 - 8.252 ms[39m
[35m[39m
2023-07-05 23:27:46:2746 [32minfo[39m: [32mMongoose connected[39m
2023-07-05 23:27:46:2746 [37mdebug[39m: [37mServer is up and running @ http://localhost:5000[39m
2023-07-05 23:27:48:2748 [37mdebug[39m: [37mError handling middleware called.[39m
2023-07-05 23:27:48:2748 [32minfo[39m: [32mPath:[39m
2023-07-05 23:27:48:2748 [31merror[39m: [31mError occured: The token has been revoked.[39m
2023-07-05 23:27:48:2748 [35mhttp[39m: [35mPOST /api/product/create?picture= 401 48 - 7.269 ms[39m
[35m[39m
2023-07-05 23:27:55:2755 [37mdebug[39m: [37mError handling middleware called.[39m
2023-07-05 23:27:55:2755 [32minfo[39m: [32mPath:[39m
2023-07-05 23:27:55:2755 [31merror[39m: [31mError occured: The token has been revoked.[39m
2023-07-05 23:27:55:2755 [35mhttp[39m: [35mPOST /api/product/create?picture= 401 48 - 2.487 ms[39m
[35m[39m
2023-07-05 23:28:29:2829 [32minfo[39m: [32mMongoose connected[39m
2023-07-05 23:28:29:2829 [37mdebug[39m: [37mServer is up and running @ http://localhost:5000[39m
2023-07-05 23:28:36:2836 [37mdebug[39m: [37mError handling middleware called.[39m
2023-07-05 23:28:36:2836 [32minfo[39m: [32mPath:[39m
2023-07-05 23:28:36:2836 [31merror[39m: [31mError occured: The token has been revoked.[39m
2023-07-05 23:28:36:2836 [35mhttp[39m: [35mPOST /api/product/create?picture= 401 48 - 7.360 ms[39m
[35m[39m
2023-07-05 23:28:42:2842 [37mdebug[39m: [37mError handling middleware called.[39m
2023-07-05 23:28:42:2842 [32minfo[39m: [32mPath:[39m
2023-07-05 23:28:42:2842 [31merror[39m: [31mError occured: The token has been revoked.[39m
2023-07-05 23:28:42:2842 [35mhttp[39m: [35mPOST /api/product/create?picture= 401 48 - 3.397 ms[39m
[35m[39m
2023-07-05 23:28:47:2847 [35mhttp[39m: [35mPOST /api/user/login 200 348 - 370.909 ms[39m
[35m[39m
2023-07-05 23:28:58:2858 [37mdebug[39m: [37mError handling middleware called.[39m
2023-07-05 23:28:58:2858 [32minfo[39m: [32mPath:[39m
2023-07-05 23:28:58:2858 [31merror[39m: [31mError occured: NotFound[39m
2023-07-05 23:28:58:2858 [32minfo[39m: [32mError is known.[39m
2023-07-05 23:28:58:2858 [35mhttp[39m: [35mPOST /api/product/create?picture= 404 90 - 4.083 ms[39m
[35m[39m
2023-07-05 23:29:10:2910 [37mdebug[39m: [37mError handling middleware called.[39m
2023-07-05 23:29:10:2910 [32minfo[39m: [32mPath:[39m
2023-07-05 23:29:10:2910 [31merror[39m: [31mError occured: NotFound[39m
2023-07-05 23:29:10:2910 [32minfo[39m: [32mError is known.[39m
2023-07-05 23:29:10:2910 [35mhttp[39m: [35mPOST /api/product/create?picture= 404 90 - 2.482 ms[39m
[35m[39m
2023-07-05 23:29:23:2923 [37mdebug[39m: [37mError handling middleware called.[39m
2023-07-05 23:29:23:2923 [32minfo[39m: [32mPath:[39m
2023-07-05 23:29:23:2923 [31merror[39m: [31mError occured: NotFound[39m
2023-07-05 23:29:23:2923 [32minfo[39m: [32mError is known.[39m
2023-07-05 23:29:23:2923 [35mhttp[39m: [35mPOST /api/product/create 404 81 - 2.645 ms[39m
[35m[39m
2023-07-05 23:29:32:2932 [37mdebug[39m: [37mError handling middleware called.[39m
2023-07-05 23:29:32:2932 [32minfo[39m: [32mPath:[39m
2023-07-05 23:29:32:2932 [31merror[39m: [31mError occured: NotFound[39m
2023-07-05 23:29:32:2932 [32minfo[39m: [32mError is known.[39m
2023-07-05 23:29:32:2932 [35mhttp[39m: [35mPOST /api/product/create 404 81 - 2.517 ms[39m
[35m[39m
2023-07-05 23:31:19:3119 [32minfo[39m: [32mMongoose connected[39m
2023-07-05 23:31:19:3119 [37mdebug[39m: [37mServer is up and running @ http://localhost:5000[39m
2023-07-05 23:31:22:3122 [37mdebug[39m: [37mError handling middleware called.[39m
2023-07-05 23:31:22:3122 [32minfo[39m: [32mPath:[39m
2023-07-05 23:31:22:3122 [31merror[39m: [31mError occured: NotFound[39m
2023-07-05 23:31:22:3122 [32minfo[39m: [32mError is known.[39m
2023-07-05 23:31:22:3122 [35mhttp[39m: [35mPOST /api/product/create 404 81 - 8.465 ms[39m
[35m[39m
2023-07-05 23:31:39:3139 [37mdebug[39m: [37mError handling middleware called.[39m
2023-07-05 23:31:39:3139 [32minfo[39m: [32mPath:[39m
2023-07-05 23:31:39:3139 [31merror[39m: [31mError occured: NotFound[39m
2023-07-05 23:31:39:3139 [32minfo[39m: [32mError is known.[39m
2023-07-05 23:31:39:3139 [35mhttp[39m: [35mPOST /api/admin/product/create 404 87 - 3.670 ms[39m
[35m[39m
2023-07-05 23:31:59:3159 [32minfo[39m: [32mMongoose connected[39m
2023-07-05 23:31:59:3159 [37mdebug[39m: [37mServer is up and running @ http://localhost:5000[39m
2023-07-05 23:32:02:322 [37mdebug[39m: [37mError handling middleware called.[39m
2023-07-05 23:32:02:322 [32minfo[39m: [32mPath:[39m
2023-07-05 23:32:02:322 [31merror[39m: [31mError occured: NotFound[39m
2023-07-05 23:32:02:322 [32minfo[39m: [32mError is known.[39m
2023-07-05 23:32:02:322 [35mhttp[39m: [35mPOST /api/admin/product/create 404 87 - 10.958 ms[39m
[35m[39m
2023-07-05 23:32:25:3225 [35mhttp[39m: [35mGET /api/product/63cc236a153f08cd17d2aec5 200 609 - 303.555 ms[39m
[35m[39m
2023-07-05 23:33:06:336 [32minfo[39m: [32mMongoose connected[39m
2023-07-05 23:33:06:336 [37mdebug[39m: [37mServer is up and running @ http://localhost:5000[39m
2023-07-05 23:33:16:3316 [37mdebug[39m: [37mError handling middleware called.[39m
2023-07-05 23:33:16:3316 [32minfo[39m: [32mPath:[39m
2023-07-05 23:33:16:3316 [31merror[39m: [31mError occured: slugify: string argument expected[39m
2023-07-05 23:33:16:3316 [35mhttp[39m: [35mPOST /api/admin/product/create 500 27 - 2905.633 ms[39m
[35m[39m
2023-07-05 23:33:44:3344 [32minfo[39m: [32mMongoose connected[39m
2023-07-05 23:33:44:3344 [37mdebug[39m: [37mServer is up and running @ http://localhost:5000[39m
2023-07-05 23:33:57:3357 [35mhttp[39m: [35mPOST /api/user/login 200 342 - 379.430 ms[39m
[35m[39m
2023-07-05 23:34:08:348 [37mdebug[39m: [37mError handling middleware called.[39m
2023-07-05 23:34:08:348 [32minfo[39m: [32mPath:[39m
2023-07-05 23:34:08:348 [31merror[39m: [31mError occured: The token has been revoked.[39m
2023-07-05 23:34:08:348 [35mhttp[39m: [35mPOST /api/admin/product/create 401 48 - 7.399 ms[39m
[35m[39m
2023-07-05 23:34:15:3415 [32minfo[39m: [32mServer closed[39m
